[1777683212] RESERVA asiento=1A pasajero=P1 reserva=R1
[1777683213] CONFIRMACION reserva=R1
[1777683213] RESERVA asiento=1B pasajero=P1 reserva=R2
[1777683214] CANCELACION reserva=R2 asiento=1B
[1777683214] RESERVA asiento=2A pasajero=P2 reserva=R3
[1777683244] EXPIRACION reserva=R3 asiento=2A
[1777683606] RESERVA asiento=1A pasajero=P1 reserva=R1
[1777683606] RESERVA asiento=1A pasajero=P1 reserva=R1
[1777683606] CONFIRMACION reserva=R1
[1777683606] RESERVA asiento=1A pasajero=P1 reserva=R1
[1777683607] EXPIRACION reserva=R1 asiento=1A
[1777683608] RESERVA asiento=1A pasajero=P1 reserva=R1
[1777683609] CONFIRMACION reserva=R1
[1777683609] RESERVA asiento=1A pasajero=P1 reserva=R1
[1777683609] RESERVA asiento=1A pasajero=P1 reserva=R1
[1777683610] RESERVA asiento=1A pasajero=P1 reserva=R1
[1777683610] RESERVA asiento=1A pasajero=P1 reserva=R1
[1777683610] CONFIRMACION reserva=R1
[1777683611] RESERVA asiento=1A pasajero=P1 reserva=R1
[1777683611] CONFIRMACION reserva=R1
[1777683611] RESERVA asiento=1A pasajero=P1 reserva=R1
[1777683612] EXPIRACION reserva=R1 asiento=1A
[1777683613] RESERVA asiento=1A pasajero=P1 reserva=R1
[1777683613] RESERVA asiento=1A pasajero=P1 reserva=R1
[1777683616] RESERVA asiento=1A pasajero=P1 reserva=R1
[1777683616] RESERVA asiento=1A pasajero=P1 reserva=R1
[1777683616] CONFIRMACION reserva=R1
[1777683616] RESERVA asiento=1A pasajero=P1 reserva=R1
[1777683617] CONFIRMACION reserva=R1
[1777683617] RESERVA asiento=1A pasajero=P1 reserva=R1
[1777683617] RESERVA asiento=1A pasajero=P1 reserva=R1
[1777683618] EXPIRACION reserva=R1 asiento=1A
[1777683619] RESERVA asiento=1A pasajero=P1 reserva=R1
[1777730113] RESERVA asiento=1A pasajero=P1 reserva=R1
[1777730114] EXPIRACION reserva=R1 asiento=1A
[1777730114] RESERVA asiento=1A pasajero=P1 reserva=R1
[1777730115] RESERVA asiento=1A pasajero=P1 reserva=R1
[1777730115] RESERVA asiento=1A pasajero=P1 reserva=R1
[1777730115] CONFIRMACION reserva=R1
[1777730115] RESERVA asiento=1A pasajero=P1 reserva=R1
[1777730115] RESERVA asiento=1A pasajero=P1 reserva=R1
[1777730116] CONFIRMACION reserva=R1
[1777730117] RESERVA asiento=1A pasajero=P1 reserva=R1
[1777730118] EXPIRACION reserva=R1 asiento=1A
[1777730118] RESERVA asiento=1A pasajero=P1 reserva=R1
[1777730119] CONFIRMACION reserva=R1
[1777730119] RESERVA asiento=1A pasajero=P1 reserva=R1
[1777730119] RESERVA asiento=1A pasajero=P1 reserva=R1
[1777730120] CONFIRMACION reserva=R1
[1777730120] RESERVA asiento=1A pasajero=P1 reserva=R1
[1777730120] RESERVA asiento=1A pasajero=P1 reserva=R1
[1777730122] RESERVA asiento=1A pasajero=P1 reserva=R1
[1777730123] EXPIRACION reserva=R1 asiento=1A
[1777730124] RESERVA asiento=1A pasajero=P1 reserva=R1
[1777730124] RESERVA asiento=1A pasajero=P1 reserva=R1
[1777730124] CONFIRMACION reserva=R1
[1777730124] RESERVA asiento=1A pasajero=P1 reserva=R1
[1777730125] CONFIRMACION reserva=R1
[1777730125] RESERVA asiento=1A pasajero=P1 reserva=R1
[1777730125] RESERVA asiento=1A pasajero=P1 reserva=R1
